<?xml version="1.0" encoding="UTF-8"?>
<coverage generated="1773056344306" clover="3.2.0">
  <project timestamp="1773056344306" name="All files">
    <metrics statements="112" coveredstatements="112" conditionals="37" coveredconditionals="37" methods="62" coveredmethods="62" elements="211" coveredelements="211" complexity="0" loc="112" ncloc="112" packages="1" files="5" classes="5"/>
    <file name="Cancion.ts" path="/home/diego/prct06-generics-solid-Diegoarmas/src/Cancion.ts">
      <metrics statements="21" coveredstatements="21" conditionals="12" coveredconditionals="12" methods="7" coveredmethods="7"/>
      <line num="27" count="15" type="stmt"/>
      <line num="28" count="15" type="stmt"/>
      <line num="29" count="15" type="stmt"/>
      <line num="30" count="15" type="stmt"/>
      <line num="31" count="15" type="stmt"/>
      <line num="35" count="3" type="cond" truecount="2" falsecount="0"/>
      <line num="36" count="1" type="stmt"/>
      <line num="38" count="2" type="stmt"/>
      <line num="42" count="3" type="cond" truecount="2" falsecount="0"/>
      <line num="43" count="1" type="stmt"/>
      <line num="45" count="2" type="stmt"/>
      <line num="49" count="2" type="cond" truecount="2" falsecount="0"/>
      <line num="50" count="1" type="stmt"/>
      <line num="52" count="1" type="stmt"/>
      <line num="56" count="2" type="cond" truecount="2" falsecount="0"/>
      <line num="57" count="1" type="stmt"/>
      <line num="59" count="1" type="stmt"/>
      <line num="63" count="1" type="stmt"/>
      <line num="67" count="7" type="cond" truecount="2" falsecount="0"/>
      <line num="71" count="3" type="stmt"/>
      <line num="73" count="4" type="stmt"/>
    </file>
    <file name="History.ts" path="/home/diego/prct06-generics-solid-Diegoarmas/src/History.ts">
      <metrics statements="16" coveredstatements="16" conditionals="7" coveredconditionals="7" methods="9" coveredmethods="9"/>
      <line num="16" count="6" type="stmt"/>
      <line num="19" count="10" type="stmt"/>
      <line num="23" count="3" type="stmt"/>
      <line num="24" count="3" type="stmt"/>
      <line num="28" count="6" type="stmt"/>
      <line num="29" count="6" type="stmt"/>
      <line num="33" count="4" type="stmt"/>
      <line num="37" count="1" type="stmt"/>
      <line num="38" count="1" type="stmt"/>
      <line num="39" count="2" type="cond" truecount="2" falsecount="0"/>
      <line num="40" count="1" type="stmt"/>
      <line num="43" count="1" type="stmt"/>
      <line num="47" count="1" type="stmt"/>
      <line num="48" count="2" type="stmt"/>
      <line num="54" count="9" type="cond" truecount="5" falsecount="0"/>
      <line num="55" count="4" type="stmt"/>
    </file>
    <file name="Podcast.ts" path="/home/diego/prct06-generics-solid-Diegoarmas/src/Podcast.ts">
      <metrics statements="29" coveredstatements="29" conditionals="16" coveredconditionals="16" methods="9" coveredmethods="9"/>
      <line num="38" count="11" type="stmt"/>
      <line num="39" count="11" type="stmt"/>
      <line num="40" count="11" type="stmt"/>
      <line num="41" count="11" type="stmt"/>
      <line num="42" count="11" type="stmt"/>
      <line num="43" count="11" type="stmt"/>
      <line num="47" count="3" type="cond" truecount="2" falsecount="0"/>
      <line num="48" count="1" type="stmt"/>
      <line num="50" count="2" type="stmt"/>
      <line num="54" count="4" type="cond" truecount="4" falsecount="0"/>
      <line num="55" count="2" type="stmt"/>
      <line num="57" count="2" type="stmt"/>
      <line num="61" count="2" type="cond" truecount="2" falsecount="0"/>
      <line num="62" count="1" type="stmt"/>
      <line num="64" count="1" type="stmt"/>
      <line num="68" count="2" type="cond" truecount="2" falsecount="0"/>
      <line num="69" count="1" type="stmt"/>
      <line num="71" count="1" type="stmt"/>
      <line num="75" count="4" type="cond" truecount="2" falsecount="0"/>
      <line num="76" count="1" type="stmt"/>
      <line num="78" count="3" type="stmt"/>
      <line num="82" count="4" type="cond" truecount="2" falsecount="0"/>
      <line num="83" count="1" type="stmt"/>
      <line num="85" count="3" type="stmt"/>
      <line num="89" count="1" type="stmt"/>
      <line num="96" count="3" type="stmt"/>
      <line num="97" count="3" type="cond" truecount="2" falsecount="0"/>
      <line num="98" count="1" type="stmt"/>
      <line num="102" count="2" type="stmt"/>
    </file>
    <file name="Reproducible.ts" path="/home/diego/prct06-generics-solid-Diegoarmas/src/Reproducible.ts">
      <metrics statements="0" coveredstatements="0" conditionals="0" coveredconditionals="0" methods="0" coveredmethods="0"/>
    </file>
    <file name="ej1.ts" path="/home/diego/prct06-generics-solid-Diegoarmas/src/ej1.ts">
      <metrics statements="46" coveredstatements="46" conditionals="2" coveredconditionals="2" methods="37" coveredmethods="37"/>
      <line num="52" count="4" type="stmt"/>
      <line num="54" count="4" type="stmt"/>
      <line num="57" count="7" type="stmt"/>
      <line num="61" count="2" type="stmt"/>
      <line num="62" count="2" type="stmt"/>
      <line num="64" count="2" type="stmt"/>
      <line num="65" count="1" type="stmt"/>
      <line num="68" count="2" type="cond" truecount="2" falsecount="0"/>
      <line num="69" count="1" type="stmt"/>
      <line num="72" count="1" type="stmt"/>
      <line num="73" count="1" type="stmt"/>
      <line num="74" count="1" type="stmt"/>
      <line num="78" count="1" type="stmt"/>
      <line num="82" count="2" type="stmt"/>
      <line num="86" count="1" type="stmt"/>
      <line num="87" count="1" type="stmt"/>
      <line num="88" count="2" type="stmt"/>
      <line num="93" count="3" type="stmt"/>
      <line num="94" count="6" type="stmt"/>
      <line num="99" count="6" type="stmt"/>
      <line num="103" count="3" type="stmt"/>
      <line num="104" count="3" type="stmt"/>
      <line num="105" count="6" type="stmt"/>
      <line num="110" count="6" type="stmt"/>
      <line num="114" count="3" type="stmt"/>
      <line num="115" count="3" type="stmt"/>
      <line num="117" count="6" type="stmt"/>
      <line num="122" count="24" type="stmt"/>
      <line num="142" count="2" type="stmt"/>
      <line num="146" count="2" type="stmt"/>
      <line num="150" count="2" type="stmt"/>
      <line num="154" count="2" type="stmt"/>
      <line num="158" count="2" type="stmt"/>
      <line num="162" count="2" type="stmt"/>
      <line num="176" count="1" type="stmt"/>
      <line num="180" count="2" type="stmt"/>
      <line num="184" count="2" type="stmt"/>
      <line num="188" count="2" type="stmt"/>
      <line num="192" count="2" type="stmt"/>
      <line num="196" count="2" type="stmt"/>
      <line num="210" count="1" type="stmt"/>
      <line num="214" count="2" type="stmt"/>
      <line num="218" count="2" type="stmt"/>
      <line num="222" count="2" type="stmt"/>
      <line num="226" count="2" type="stmt"/>
      <line num="230" count="2" type="stmt"/>
    </file>
  </project>
</coverage>
