<?xml version="1.0" encoding="UTF-8"?>
<coverage generated="1773053842827" clover="3.2.0">
  <project timestamp="1773053842827" name="All files">
    <metrics statements="112" coveredstatements="96" conditionals="37" coveredconditionals="24" methods="62" coveredmethods="57" elements="211" coveredelements="177" complexity="0" loc="112" ncloc="112" packages="1" files="5" classes="5"/>
    <file name="Cancion.ts" path="/home/diego/prct06-generics-solid-Diegoarmas/src/Cancion.ts">
      <metrics statements="21" coveredstatements="21" conditionals="12" coveredconditionals="12" methods="7" coveredmethods="7"/>
      <line num="27" count="15" type="stmt"/>
      <line num="28" count="15" type="stmt"/>
      <line num="29" count="15" type="stmt"/>
      <line num="30" count="15" type="stmt"/>
      <line num="31" count="15" type="stmt"/>
      <line num="35" count="3" type="cond" truecount="2" falsecount="0"/>
      <line num="36" count="1" type="stmt"/>
      <line num="38" count="2" type="stmt"/>
      <line num="42" count="3" type="cond" truecount="2" falsecount="0"/>
      <line num="43" count="1" type="stmt"/>
      <line num="45" count="2" type="stmt"/>
      <line num="49" count="2" type="cond" truecount="2" falsecount="0"/>
      <line num="50" count="1" type="stmt"/>
      <line num="52" count="1" type="stmt"/>
      <line num="56" count="2" type="cond" truecount="2" falsecount="0"/>
      <line num="57" count="1" type="stmt"/>
      <line num="59" count="1" type="stmt"/>
      <line num="63" count="1" type="stmt"/>
      <line num="67" count="7" type="cond" truecount="2" falsecount="0"/>
      <line num="71" count="3" type="stmt"/>
      <line num="73" count="4" type="stmt"/>
    </file>
    <file name="History.ts" path="/home/diego/prct06-generics-solid-Diegoarmas/src/History.ts">
      <metrics statements="16" coveredstatements="16" conditionals="7" coveredconditionals="7" methods="9" coveredmethods="9"/>
      <line num="15" count="6" type="stmt"/>
      <line num="18" count="10" type="stmt"/>
      <line num="22" count="3" type="stmt"/>
      <line num="23" count="3" type="stmt"/>
      <line num="27" count="6" type="stmt"/>
      <line num="28" count="6" type="stmt"/>
      <line num="32" count="4" type="stmt"/>
      <line num="36" count="1" type="stmt"/>
      <line num="37" count="1" type="stmt"/>
      <line num="38" count="2" type="cond" truecount="2" falsecount="0"/>
      <line num="39" count="1" type="stmt"/>
      <line num="42" count="1" type="stmt"/>
      <line num="46" count="1" type="stmt"/>
      <line num="47" count="2" type="stmt"/>
      <line num="53" count="9" type="cond" truecount="5" falsecount="0"/>
      <line num="54" count="4" type="stmt"/>
    </file>
    <file name="Podcast.ts" path="/home/diego/prct06-generics-solid-Diegoarmas/src/Podcast.ts">
      <metrics statements="29" coveredstatements="13" conditionals="16" coveredconditionals="3" methods="9" coveredmethods="4"/>
      <line num="33" count="2" type="stmt"/>
      <line num="34" count="2" type="stmt"/>
      <line num="35" count="2" type="stmt"/>
      <line num="36" count="2" type="stmt"/>
      <line num="37" count="2" type="stmt"/>
      <line num="38" count="2" type="stmt"/>
      <line num="42" count="0" type="cond" truecount="0" falsecount="2"/>
      <line num="43" count="0" type="stmt"/>
      <line num="45" count="0" type="stmt"/>
      <line num="49" count="0" type="cond" truecount="0" falsecount="4"/>
      <line num="50" count="0" type="stmt"/>
      <line num="52" count="0" type="stmt"/>
      <line num="56" count="0" type="cond" truecount="0" falsecount="2"/>
      <line num="57" count="0" type="stmt"/>
      <line num="59" count="0" type="stmt"/>
      <line num="63" count="0" type="cond" truecount="0" falsecount="2"/>
      <line num="64" count="0" type="stmt"/>
      <line num="66" count="0" type="stmt"/>
      <line num="70" count="1" type="cond" truecount="1" falsecount="1"/>
      <line num="71" count="0" type="stmt"/>
      <line num="73" count="1" type="stmt"/>
      <line num="77" count="1" type="cond" truecount="1" falsecount="1"/>
      <line num="78" count="0" type="stmt"/>
      <line num="80" count="1" type="stmt"/>
      <line num="84" count="0" type="stmt"/>
      <line num="92" count="1" type="stmt"/>
      <line num="93" count="1" type="cond" truecount="1" falsecount="1"/>
      <line num="94" count="0" type="stmt"/>
      <line num="98" count="1" type="stmt"/>
    </file>
    <file name="Reproducible.ts" path="/home/diego/prct06-generics-solid-Diegoarmas/src/Reproducible.ts">
      <metrics statements="0" coveredstatements="0" conditionals="0" coveredconditionals="0" methods="0" coveredmethods="0"/>
    </file>
    <file name="ej1.ts" path="/home/diego/prct06-generics-solid-Diegoarmas/src/ej1.ts">
      <metrics statements="46" coveredstatements="46" conditionals="2" coveredconditionals="2" methods="37" coveredmethods="37"/>
      <line num="51" count="4" type="stmt"/>
      <line num="53" count="4" type="stmt"/>
      <line num="56" count="7" type="stmt"/>
      <line num="60" count="2" type="stmt"/>
      <line num="61" count="2" type="stmt"/>
      <line num="63" count="2" type="stmt"/>
      <line num="64" count="1" type="stmt"/>
      <line num="67" count="2" type="cond" truecount="2" falsecount="0"/>
      <line num="68" count="1" type="stmt"/>
      <line num="71" count="1" type="stmt"/>
      <line num="72" count="1" type="stmt"/>
      <line num="73" count="1" type="stmt"/>
      <line num="77" count="1" type="stmt"/>
      <line num="81" count="2" type="stmt"/>
      <line num="85" count="1" type="stmt"/>
      <line num="86" count="1" type="stmt"/>
      <line num="87" count="2" type="stmt"/>
      <line num="92" count="3" type="stmt"/>
      <line num="93" count="6" type="stmt"/>
      <line num="98" count="6" type="stmt"/>
      <line num="102" count="3" type="stmt"/>
      <line num="103" count="3" type="stmt"/>
      <line num="104" count="6" type="stmt"/>
      <line num="109" count="6" type="stmt"/>
      <line num="113" count="3" type="stmt"/>
      <line num="114" count="3" type="stmt"/>
      <line num="115" count="6" type="stmt"/>
      <line num="120" count="24" type="stmt"/>
      <line num="140" count="2" type="stmt"/>
      <line num="144" count="2" type="stmt"/>
      <line num="148" count="2" type="stmt"/>
      <line num="152" count="2" type="stmt"/>
      <line num="156" count="2" type="stmt"/>
      <line num="160" count="2" type="stmt"/>
      <line num="174" count="1" type="stmt"/>
      <line num="178" count="2" type="stmt"/>
      <line num="182" count="2" type="stmt"/>
      <line num="186" count="2" type="stmt"/>
      <line num="190" count="2" type="stmt"/>
      <line num="194" count="2" type="stmt"/>
      <line num="208" count="1" type="stmt"/>
      <line num="212" count="2" type="stmt"/>
      <line num="216" count="2" type="stmt"/>
      <line num="220" count="2" type="stmt"/>
      <line num="224" count="2" type="stmt"/>
      <line num="228" count="2" type="stmt"/>
    </file>
  </project>
</coverage>
