{"/home/diego/prct06-generics-solid-Diegoarmas/src/Cancion.ts": {"path":"/home/diego/prct06-generics-solid-Diegoarmas/src/Cancion.ts","statementMap":{"0":{"start":{"line":27,"column":4},"end":{"line":27,"column":null}},"1":{"start":{"line":28,"column":4},"end":{"line":28,"column":null}},"2":{"start":{"line":29,"column":4},"end":{"line":29,"column":null}},"3":{"start":{"line":30,"column":4},"end":{"line":30,"column":null}},"4":{"start":{"line":31,"column":4},"end":{"line":31,"column":null}},"5":{"start":{"line":35,"column":4},"end":{"line":37,"column":null}},"6":{"start":{"line":36,"column":6},"end":{"line":36,"column":null}},"7":{"start":{"line":38,"column":4},"end":{"line":38,"column":null}},"8":{"start":{"line":42,"column":4},"end":{"line":44,"column":null}},"9":{"start":{"line":43,"column":6},"end":{"line":43,"column":null}},"10":{"start":{"line":45,"column":4},"end":{"line":45,"column":null}},"11":{"start":{"line":49,"column":4},"end":{"line":51,"column":null}},"12":{"start":{"line":50,"column":6},"end":{"line":50,"column":null}},"13":{"start":{"line":52,"column":4},"end":{"line":52,"column":null}},"14":{"start":{"line":56,"column":4},"end":{"line":58,"column":null}},"15":{"start":{"line":57,"column":6},"end":{"line":57,"column":null}},"16":{"start":{"line":59,"column":4},"end":{"line":59,"column":null}},"17":{"start":{"line":63,"column":4},"end":{"line":63,"column":null}},"18":{"start":{"line":67,"column":4},"end":{"line":72,"column":null}},"19":{"start":{"line":71,"column":6},"end":{"line":71,"column":null}},"20":{"start":{"line":73,"column":4},"end":{"line":73,"column":null}}},"fnMap":{"0":{"name":"(anonymous_0)","decl":{"start":{"line":20,"column":2},"end":{"line":20,"column":null}},"loc":{"start":{"line":26,"column":4},"end":{"line":32,"column":null}},"line":26},"1":{"name":"(anonymous_1)","decl":{"start":{"line":34,"column":13},"end":{"line":34,"column":29}},"loc":{"start":{"line":34,"column":29},"end":{"line":39,"column":null}},"line":34},"2":{"name":"(anonymous_2)","decl":{"start":{"line":41,"column":13},"end":{"line":41,"column":30}},"loc":{"start":{"line":41,"column":30},"end":{"line":46,"column":null}},"line":41},"3":{"name":"(anonymous_3)","decl":{"start":{"line":48,"column":13},"end":{"line":48,"column":29}},"loc":{"start":{"line":48,"column":29},"end":{"line":53,"column":null}},"line":48},"4":{"name":"(anonymous_4)","decl":{"start":{"line":55,"column":13},"end":{"line":55,"column":29}},"loc":{"start":{"line":55,"column":29},"end":{"line":60,"column":null}},"line":55},"5":{"name":"(anonymous_5)","decl":{"start":{"line":62,"column":9},"end":{"line":62,"column":24}},"loc":{"start":{"line":62,"column":24},"end":{"line":64,"column":null}},"line":62},"6":{"name":"(anonymous_6)","decl":{"start":{"line":66,"column":9},"end":{"line":66,"column":28}},"loc":{"start":{"line":66,"column":28},"end":{"line":74,"column":null}},"line":66}},"branchMap":{"0":{"loc":{"start":{"line":35,"column":4},"end":{"line":37,"column":null}},"type":"if","locations":[{"start":{"line":35,"column":4},"end":{"line":37,"column":null}},{"start":{},"end":{}}],"line":35},"1":{"loc":{"start":{"line":42,"column":4},"end":{"line":44,"column":null}},"type":"if","locations":[{"start":{"line":42,"column":4},"end":{"line":44,"column":null}},{"start":{},"end":{}}],"line":42},"2":{"loc":{"start":{"line":49,"column":4},"end":{"line":51,"column":null}},"type":"if","locations":[{"start":{"line":49,"column":4},"end":{"line":51,"column":null}},{"start":{},"end":{}}],"line":49},"3":{"loc":{"start":{"line":56,"column":4},"end":{"line":58,"column":null}},"type":"if","locations":[{"start":{"line":56,"column":4},"end":{"line":58,"column":null}},{"start":{},"end":{}}],"line":56},"4":{"loc":{"start":{"line":67,"column":4},"end":{"line":72,"column":null}},"type":"if","locations":[{"start":{"line":67,"column":4},"end":{"line":72,"column":null}},{"start":{},"end":{}}],"line":67},"5":{"loc":{"start":{"line":68,"column":6},"end":{"line":69,"column":null}},"type":"binary-expr","locations":[{"start":{"line":68,"column":6},"end":{"line":68,"column":null}},{"start":{"line":69,"column":6},"end":{"line":69,"column":null}}],"line":68}},"s":{"0":15,"1":15,"2":15,"3":15,"4":15,"5":3,"6":1,"7":2,"8":3,"9":1,"10":2,"11":2,"12":1,"13":1,"14":2,"15":1,"16":1,"17":1,"18":7,"19":3,"20":4},"f":{"0":15,"1":3,"2":3,"3":2,"4":2,"5":1,"6":7},"b":{"0":[1,2],"1":[1,2],"2":[1,1],"3":[1,1],"4":[3,4],"5":[7,6]},"meta":{"lastBranch":6,"lastFunction":7,"lastStatement":21,"seen":{"f:20:2:20:Infinity":0,"s:27:4:27:Infinity":0,"s:28:4:28:Infinity":1,"s:29:4:29:Infinity":2,"s:30:4:30:Infinity":3,"s:31:4:31:Infinity":4,"f:34:13:34:29":1,"b:35:4:37:Infinity:undefined:undefined:undefined:undefined":0,"s:35:4:37:Infinity":5,"s:36:6:36:Infinity":6,"s:38:4:38:Infinity":7,"f:41:13:41:30":2,"b:42:4:44:Infinity:undefined:undefined:undefined:undefined":1,"s:42:4:44:Infinity":8,"s:43:6:43:Infinity":9,"s:45:4:45:Infinity":10,"f:48:13:48:29":3,"b:49:4:51:Infinity:undefined:undefined:undefined:undefined":2,"s:49:4:51:Infinity":11,"s:50:6:50:Infinity":12,"s:52:4:52:Infinity":13,"f:55:13:55:29":4,"b:56:4:58:Infinity:undefined:undefined:undefined:undefined":3,"s:56:4:58:Infinity":14,"s:57:6:57:Infinity":15,"s:59:4:59:Infinity":16,"f:62:9:62:24":5,"s:63:4:63:Infinity":17,"f:66:9:66:28":6,"b:67:4:72:Infinity:undefined:undefined:undefined:undefined":4,"s:67:4:72:Infinity":18,"b:68:6:68:Infinity:69:6:69:Infinity":5,"s:71:6:71:Infinity":19,"s:73:4:73:Infinity":20}}}
,"/home/diego/prct06-generics-solid-Diegoarmas/src/History.ts": {"path":"/home/diego/prct06-generics-solid-Diegoarmas/src/History.ts","statementMap":{"0":{"start":{"line":15,"column":32},"end":{"line":15,"column":null}},"1":{"start":{"line":18,"column":4},"end":{"line":18,"column":null}},"2":{"start":{"line":22,"column":4},"end":{"line":22,"column":null}},"3":{"start":{"line":23,"column":4},"end":{"line":23,"column":null}},"4":{"start":{"line":27,"column":4},"end":{"line":27,"column":null}},"5":{"start":{"line":28,"column":4},"end":{"line":28,"column":null}},"6":{"start":{"line":32,"column":4},"end":{"line":32,"column":null}},"7":{"start":{"line":36,"column":28},"end":{"line":36,"column":null}},"8":{"start":{"line":37,"column":4},"end":{"line":41,"column":null}},"9":{"start":{"line":38,"column":6},"end":{"line":40,"column":null}},"10":{"start":{"line":39,"column":8},"end":{"line":39,"column":null}},"11":{"start":{"line":42,"column":4},"end":{"line":42,"column":null}},"12":{"start":{"line":46,"column":4},"end":{"line":49,"column":null}},"13":{"start":{"line":47,"column":31},"end":{"line":47,"column":null}},"14":{"start":{"line":53,"column":4},"end":{"line":55,"column":null}},"15":{"start":{"line":54,"column":6},"end":{"line":54,"column":null}}},"fnMap":{"0":{"name":"(anonymous_0)","decl":{"start":{"line":17,"column":9},"end":{"line":17,"column":13}},"loc":{"start":{"line":17,"column":28},"end":{"line":19,"column":null}},"line":17},"1":{"name":"(anonymous_1)","decl":{"start":{"line":21,"column":9},"end":{"line":21,"column":16}},"loc":{"start":{"line":21,"column":37},"end":{"line":24,"column":null}},"line":21},"2":{"name":"(anonymous_2)","decl":{"start":{"line":26,"column":9},"end":{"line":26,"column":13}},"loc":{"start":{"line":26,"column":31},"end":{"line":29,"column":null}},"line":26},"3":{"name":"(anonymous_3)","decl":{"start":{"line":31,"column":9},"end":{"line":31,"column":24}},"loc":{"start":{"line":31,"column":24},"end":{"line":33,"column":null}},"line":31},"4":{"name":"(anonymous_4)","decl":{"start":{"line":35,"column":9},"end":{"line":35,"column":16}},"loc":{"start":{"line":35,"column":76},"end":{"line":43,"column":null}},"line":35},"5":{"name":"(anonymous_5)","decl":{"start":{"line":37,"column":23},"end":{"line":37,"column":24}},"loc":{"start":{"line":37,"column":40},"end":{"line":41,"column":5}},"line":37},"6":{"name":"(anonymous_6)","decl":{"start":{"line":45,"column":9},"end":{"line":45,"column":28}},"loc":{"start":{"line":45,"column":28},"end":{"line":50,"column":null}},"line":45},"7":{"name":"(anonymous_7)","decl":{"start":{"line":47,"column":6},"end":{"line":47,"column":7}},"loc":{"start":{"line":47,"column":31},"end":{"line":47,"column":null}},"line":47},"8":{"name":"(anonymous_8)","decl":{"start":{"line":52,"column":10},"end":{"line":52,"column":21}},"loc":{"start":{"line":52,"column":42},"end":{"line":56,"column":null}},"line":52}},"branchMap":{"0":{"loc":{"start":{"line":38,"column":6},"end":{"line":40,"column":null}},"type":"if","locations":[{"start":{"line":38,"column":6},"end":{"line":40,"column":null}},{"start":{},"end":{}}],"line":38},"1":{"loc":{"start":{"line":53,"column":4},"end":{"line":55,"column":null}},"type":"if","locations":[{"start":{"line":53,"column":4},"end":{"line":55,"column":null}},{"start":{},"end":{}}],"line":53},"2":{"loc":{"start":{"line":53,"column":8},"end":{"line":53,"column":77}},"type":"binary-expr","locations":[{"start":{"line":53,"column":8},"end":{"line":53,"column":36}},{"start":{"line":53,"column":36},"end":{"line":53,"column":49}},{"start":{"line":53,"column":49},"end":{"line":53,"column":77}}],"line":53}},"s":{"0":6,"1":10,"2":3,"3":3,"4":6,"5":6,"6":4,"7":1,"8":1,"9":2,"10":1,"11":1,"12":1,"13":2,"14":9,"15":4},"f":{"0":10,"1":3,"2":6,"3":4,"4":1,"5":2,"6":1,"7":2,"8":9},"b":{"0":[1,1],"1":[4,5],"2":[9,8,7]},"meta":{"lastBranch":3,"lastFunction":9,"lastStatement":16,"seen":{"s:15:32:15:Infinity":0,"f:17:9:17:13":0,"s:18:4:18:Infinity":1,"f:21:9:21:16":1,"s:22:4:22:Infinity":2,"s:23:4:23:Infinity":3,"f:26:9:26:13":2,"s:27:4:27:Infinity":4,"s:28:4:28:Infinity":5,"f:31:9:31:24":3,"s:32:4:32:Infinity":6,"f:35:9:35:16":4,"s:36:28:36:Infinity":7,"s:37:4:41:Infinity":8,"f:37:23:37:24":5,"b:38:6:40:Infinity:undefined:undefined:undefined:undefined":0,"s:38:6:40:Infinity":9,"s:39:8:39:Infinity":10,"s:42:4:42:Infinity":11,"f:45:9:45:28":6,"s:46:4:49:Infinity":12,"f:47:6:47:7":7,"s:47:31:47:Infinity":13,"f:52:10:52:21":8,"b:53:4:55:Infinity:undefined:undefined:undefined:undefined":1,"s:53:4:55:Infinity":14,"b:53:8:53:36:53:36:53:49:53:49:53:77":2,"s:54:6:54:Infinity":15}}}
,"/home/diego/prct06-generics-solid-Diegoarmas/src/Podcast.ts": {"path":"/home/diego/prct06-generics-solid-Diegoarmas/src/Podcast.ts","statementMap":{"0":{"start":{"line":33,"column":4},"end":{"line":33,"column":null}},"1":{"start":{"line":34,"column":4},"end":{"line":34,"column":null}},"2":{"start":{"line":35,"column":4},"end":{"line":35,"column":null}},"3":{"start":{"line":36,"column":4},"end":{"line":36,"column":null}},"4":{"start":{"line":37,"column":4},"end":{"line":37,"column":null}},"5":{"start":{"line":38,"column":4},"end":{"line":38,"column":null}},"6":{"start":{"line":42,"column":4},"end":{"line":44,"column":null}},"7":{"start":{"line":43,"column":6},"end":{"line":43,"column":null}},"8":{"start":{"line":45,"column":4},"end":{"line":45,"column":null}},"9":{"start":{"line":49,"column":4},"end":{"line":51,"column":null}},"10":{"start":{"line":50,"column":6},"end":{"line":50,"column":null}},"11":{"start":{"line":52,"column":4},"end":{"line":52,"column":null}},"12":{"start":{"line":56,"column":4},"end":{"line":58,"column":null}},"13":{"start":{"line":57,"column":6},"end":{"line":57,"column":null}},"14":{"start":{"line":59,"column":4},"end":{"line":59,"column":null}},"15":{"start":{"line":63,"column":4},"end":{"line":65,"column":null}},"16":{"start":{"line":64,"column":6},"end":{"line":64,"column":null}},"17":{"start":{"line":66,"column":4},"end":{"line":66,"column":null}},"18":{"start":{"line":70,"column":4},"end":{"line":72,"column":null}},"19":{"start":{"line":71,"column":6},"end":{"line":71,"column":null}},"20":{"start":{"line":73,"column":4},"end":{"line":73,"column":null}},"21":{"start":{"line":77,"column":4},"end":{"line":79,"column":null}},"22":{"start":{"line":78,"column":6},"end":{"line":78,"column":null}},"23":{"start":{"line":80,"column":4},"end":{"line":80,"column":null}},"24":{"start":{"line":84,"column":4},"end":{"line":87,"column":null}},"25":{"start":{"line":92,"column":6},"end":{"line":92,"column":null}},"26":{"start":{"line":93,"column":4},"end":{"line":97,"column":null}},"27":{"start":{"line":94,"column":6},"end":{"line":96,"column":null}},"28":{"start":{"line":98,"column":4},"end":{"line":98,"column":null}}},"fnMap":{"0":{"name":"(anonymous_0)","decl":{"start":{"line":30,"column":2},"end":{"line":30,"column":14}},"loc":{"start":{"line":31,"column":36},"end":{"line":39,"column":null}},"line":31},"1":{"name":"(anonymous_1)","decl":{"start":{"line":41,"column":13},"end":{"line":41,"column":35}},"loc":{"start":{"line":41,"column":35},"end":{"line":46,"column":null}},"line":41},"2":{"name":"(anonymous_2)","decl":{"start":{"line":48,"column":13},"end":{"line":48,"column":37}},"loc":{"start":{"line":48,"column":37},"end":{"line":53,"column":null}},"line":48},"3":{"name":"(anonymous_3)","decl":{"start":{"line":55,"column":13},"end":{"line":55,"column":29}},"loc":{"start":{"line":55,"column":29},"end":{"line":60,"column":null}},"line":55},"4":{"name":"(anonymous_4)","decl":{"start":{"line":62,"column":13},"end":{"line":62,"column":32}},"loc":{"start":{"line":62,"column":32},"end":{"line":67,"column":null}},"line":62},"5":{"name":"(anonymous_5)","decl":{"start":{"line":69,"column":13},"end":{"line":69,"column":31}},"loc":{"start":{"line":69,"column":31},"end":{"line":74,"column":null}},"line":69},"6":{"name":"(anonymous_6)","decl":{"start":{"line":76,"column":13},"end":{"line":76,"column":29}},"loc":{"start":{"line":76,"column":29},"end":{"line":81,"column":null}},"line":76},"7":{"name":"(anonymous_7)","decl":{"start":{"line":83,"column":9},"end":{"line":83,"column":29}},"loc":{"start":{"line":83,"column":29},"end":{"line":88,"column":null}},"line":83},"8":{"name":"(anonymous_8)","decl":{"start":{"line":90,"column":9},"end":{"line":90,"column":28}},"loc":{"start":{"line":90,"column":28},"end":{"line":99,"column":null}},"line":90}},"branchMap":{"0":{"loc":{"start":{"line":42,"column":4},"end":{"line":44,"column":null}},"type":"if","locations":[{"start":{"line":42,"column":4},"end":{"line":44,"column":null}},{"start":{},"end":{}}],"line":42},"1":{"loc":{"start":{"line":49,"column":4},"end":{"line":51,"column":null}},"type":"if","locations":[{"start":{"line":49,"column":4},"end":{"line":51,"column":null}},{"start":{},"end":{}}],"line":49},"2":{"loc":{"start":{"line":49,"column":8},"end":{"line":49,"column":76}},"type":"binary-expr","locations":[{"start":{"line":49,"column":8},"end":{"line":49,"column":50}},{"start":{"line":49,"column":50},"end":{"line":49,"column":76}}],"line":49},"3":{"loc":{"start":{"line":56,"column":4},"end":{"line":58,"column":null}},"type":"if","locations":[{"start":{"line":56,"column":4},"end":{"line":58,"column":null}},{"start":{},"end":{}}],"line":56},"4":{"loc":{"start":{"line":63,"column":4},"end":{"line":65,"column":null}},"type":"if","locations":[{"start":{"line":63,"column":4},"end":{"line":65,"column":null}},{"start":{},"end":{}}],"line":63},"5":{"loc":{"start":{"line":70,"column":4},"end":{"line":72,"column":null}},"type":"if","locations":[{"start":{"line":70,"column":4},"end":{"line":72,"column":null}},{"start":{},"end":{}}],"line":70},"6":{"loc":{"start":{"line":77,"column":4},"end":{"line":79,"column":null}},"type":"if","locations":[{"start":{"line":77,"column":4},"end":{"line":79,"column":null}},{"start":{},"end":{}}],"line":77},"7":{"loc":{"start":{"line":93,"column":4},"end":{"line":97,"column":null}},"type":"if","locations":[{"start":{"line":93,"column":4},"end":{"line":97,"column":null}},{"start":{},"end":{}}],"line":93}},"s":{"0":2,"1":2,"2":2,"3":2,"4":2,"5":2,"6":0,"7":0,"8":0,"9":0,"10":0,"11":0,"12":0,"13":0,"14":0,"15":0,"16":0,"17":0,"18":1,"19":0,"20":1,"21":1,"22":0,"23":1,"24":0,"25":1,"26":1,"27":0,"28":1},"f":{"0":2,"1":0,"2":0,"3":0,"4":0,"5":1,"6":1,"7":0,"8":1},"b":{"0":[0,0],"1":[0,0],"2":[0,0],"3":[0,0],"4":[0,0],"5":[0,1],"6":[0,1],"7":[0,1]},"meta":{"lastBranch":8,"lastFunction":9,"lastStatement":29,"seen":{"f:30:2:30:14":0,"s:33:4:33:Infinity":0,"s:34:4:34:Infinity":1,"s:35:4:35:Infinity":2,"s:36:4:36:Infinity":3,"s:37:4:37:Infinity":4,"s:38:4:38:Infinity":5,"f:41:13:41:35":1,"b:42:4:44:Infinity:undefined:undefined:undefined:undefined":0,"s:42:4:44:Infinity":6,"s:43:6:43:Infinity":7,"s:45:4:45:Infinity":8,"f:48:13:48:37":2,"b:49:4:51:Infinity:undefined:undefined:undefined:undefined":1,"s:49:4:51:Infinity":9,"b:49:8:49:50:49:50:49:76":2,"s:50:6:50:Infinity":10,"s:52:4:52:Infinity":11,"f:55:13:55:29":3,"b:56:4:58:Infinity:undefined:undefined:undefined:undefined":3,"s:56:4:58:Infinity":12,"s:57:6:57:Infinity":13,"s:59:4:59:Infinity":14,"f:62:13:62:32":4,"b:63:4:65:Infinity:undefined:undefined:undefined:undefined":4,"s:63:4:65:Infinity":15,"s:64:6:64:Infinity":16,"s:66:4:66:Infinity":17,"f:69:13:69:31":5,"b:70:4:72:Infinity:undefined:undefined:undefined:undefined":5,"s:70:4:72:Infinity":18,"s:71:6:71:Infinity":19,"s:73:4:73:Infinity":20,"f:76:13:76:29":6,"b:77:4:79:Infinity:undefined:undefined:undefined:undefined":6,"s:77:4:79:Infinity":21,"s:78:6:78:Infinity":22,"s:80:4:80:Infinity":23,"f:83:9:83:29":7,"s:84:4:87:Infinity":24,"f:90:9:90:28":8,"s:92:6:92:Infinity":25,"b:93:4:97:Infinity:undefined:undefined:undefined:undefined":7,"s:93:4:97:Infinity":26,"s:94:6:96:Infinity":27,"s:98:4:98:Infinity":28}}}
,"/home/diego/prct06-generics-solid-Diegoarmas/src/Reproducible.ts": {"path":"/home/diego/prct06-generics-solid-Diegoarmas/src/Reproducible.ts","statementMap":{},"fnMap":{},"branchMap":{},"s":{},"f":{},"b":{},"meta":{"lastBranch":0,"lastFunction":0,"lastStatement":0,"seen":{}}}
,"/home/diego/prct06-generics-solid-Diegoarmas/src/ej1.ts": {"path":"/home/diego/prct06-generics-solid-Diegoarmas/src/ej1.ts","statementMap":{"0":{"start":{"line":51,"column":34},"end":{"line":51,"column":null}},"1":{"start":{"line":53,"column":30},"end":{"line":53,"column":54}},"2":{"start":{"line":56,"column":4},"end":{"line":56,"column":null}},"3":{"start":{"line":60,"column":24},"end":{"line":60,"column":null}},"4":{"start":{"line":61,"column":27},"end":{"line":61,"column":null}},"5":{"start":{"line":63,"column":27},"end":{"line":65,"column":null}},"6":{"start":{"line":64,"column":16},"end":{"line":64,"column":null}},"7":{"start":{"line":67,"column":4},"end":{"line":69,"column":null}},"8":{"start":{"line":68,"column":6},"end":{"line":68,"column":null}},"9":{"start":{"line":71,"column":4},"end":{"line":71,"column":null}},"10":{"start":{"line":72,"column":4},"end":{"line":72,"column":null}},"11":{"start":{"line":73,"column":4},"end":{"line":73,"column":null}},"12":{"start":{"line":77,"column":4},"end":{"line":77,"column":null}},"13":{"start":{"line":81,"column":4},"end":{"line":81,"column":null}},"14":{"start":{"line":85,"column":27},"end":{"line":85,"column":null}},"15":{"start":{"line":86,"column":4},"end":{"line":88,"column":null}},"16":{"start":{"line":87,"column":6},"end":{"line":87,"column":null}},"17":{"start":{"line":92,"column":4},"end":{"line":94,"column":null}},"18":{"start":{"line":93,"column":16},"end":{"line":93,"column":null}},"19":{"start":{"line":98,"column":4},"end":{"line":98,"column":null}},"20":{"start":{"line":98,"column":39},"end":{"line":98,"column":78}},"21":{"start":{"line":102,"column":32},"end":{"line":102,"column":null}},"22":{"start":{"line":103,"column":4},"end":{"line":105,"column":null}},"23":{"start":{"line":104,"column":16},"end":{"line":104,"column":null}},"24":{"start":{"line":109,"column":4},"end":{"line":109,"column":null}},"25":{"start":{"line":109,"column":39},"end":{"line":109,"column":74}},"26":{"start":{"line":113,"column":35},"end":{"line":113,"column":null}},"27":{"start":{"line":114,"column":4},"end":{"line":116,"column":null}},"28":{"start":{"line":115,"column":16},"end":{"line":115,"column":null}},"29":{"start":{"line":120,"column":4},"end":{"line":120,"column":null}},"30":{"start":{"line":140,"column":4},"end":{"line":140,"column":null}},"31":{"start":{"line":144,"column":4},"end":{"line":144,"column":null}},"32":{"start":{"line":148,"column":4},"end":{"line":148,"column":null}},"33":{"start":{"line":152,"column":4},"end":{"line":152,"column":null}},"34":{"start":{"line":156,"column":4},"end":{"line":156,"column":null}},"35":{"start":{"line":160,"column":4},"end":{"line":160,"column":null}},"36":{"start":{"line":174,"column":4},"end":{"line":174,"column":null}},"37":{"start":{"line":178,"column":4},"end":{"line":178,"column":null}},"38":{"start":{"line":182,"column":4},"end":{"line":182,"column":null}},"39":{"start":{"line":186,"column":4},"end":{"line":186,"column":null}},"40":{"start":{"line":190,"column":4},"end":{"line":190,"column":null}},"41":{"start":{"line":194,"column":4},"end":{"line":194,"column":null}},"42":{"start":{"line":208,"column":4},"end":{"line":208,"column":null}},"43":{"start":{"line":212,"column":4},"end":{"line":212,"column":null}},"44":{"start":{"line":216,"column":4},"end":{"line":216,"column":null}},"45":{"start":{"line":220,"column":4},"end":{"line":220,"column":null}},"46":{"start":{"line":224,"column":4},"end":{"line":224,"column":null}},"47":{"start":{"line":228,"column":4},"end":{"line":228,"column":null}}},"fnMap":{"0":{"name":"(anonymous_0)","decl":{"start":{"line":53,"column":2},"end":{"line":53,"column":30}},"loc":{"start":{"line":53,"column":54},"end":{"line":53,"column":null}},"line":53},"1":{"name":"(anonymous_1)","decl":{"start":{"line":55,"column":9},"end":{"line":55,"column":13}},"loc":{"start":{"line":55,"column":28},"end":{"line":57,"column":null}},"line":55},"2":{"name":"(anonymous_2)","decl":{"start":{"line":59,"column":9},"end":{"line":59,"column":22}},"loc":{"start":{"line":59,"column":45},"end":{"line":74,"column":null}},"line":59},"3":{"name":"(anonymous_3)","decl":{"start":{"line":64,"column":6},"end":{"line":64,"column":7}},"loc":{"start":{"line":64,"column":16},"end":{"line":64,"column":null}},"line":64},"4":{"name":"(anonymous_4)","decl":{"start":{"line":76,"column":9},"end":{"line":76,"column":32}},"loc":{"start":{"line":76,"column":32},"end":{"line":78,"column":null}},"line":76},"5":{"name":"(anonymous_5)","decl":{"start":{"line":80,"column":9},"end":{"line":80,"column":25}},"loc":{"start":{"line":80,"column":25},"end":{"line":82,"column":null}},"line":80},"6":{"name":"(anonymous_6)","decl":{"start":{"line":84,"column":9},"end":{"line":84,"column":20}},"loc":{"start":{"line":84,"column":39},"end":{"line":89,"column":null}},"line":84},"7":{"name":"(anonymous_7)","decl":{"start":{"line":86,"column":29},"end":{"line":86,"column":30}},"loc":{"start":{"line":87,"column":6},"end":{"line":87,"column":null}},"line":87},"8":{"name":"(anonymous_8)","decl":{"start":{"line":91,"column":9},"end":{"line":91,"column":27}},"loc":{"start":{"line":91,"column":58},"end":{"line":95,"column":null}},"line":91},"9":{"name":"(anonymous_9)","decl":{"start":{"line":93,"column":6},"end":{"line":93,"column":7}},"loc":{"start":{"line":93,"column":16},"end":{"line":93,"column":null}},"line":93},"10":{"name":"(anonymous_10)","decl":{"start":{"line":97,"column":9},"end":{"line":97,"column":26}},"loc":{"start":{"line":97,"column":51},"end":{"line":99,"column":null}},"line":97},"11":{"name":"(anonymous_11)","decl":{"start":{"line":98,"column":29},"end":{"line":98,"column":30}},"loc":{"start":{"line":98,"column":39},"end":{"line":98,"column":78}},"line":98},"12":{"name":"(anonymous_12)","decl":{"start":{"line":101,"column":9},"end":{"line":101,"column":21}},"loc":{"start":{"line":101,"column":45},"end":{"line":106,"column":null}},"line":101},"13":{"name":"(anonymous_13)","decl":{"start":{"line":104,"column":6},"end":{"line":104,"column":7}},"loc":{"start":{"line":104,"column":16},"end":{"line":104,"column":null}},"line":104},"14":{"name":"(anonymous_14)","decl":{"start":{"line":108,"column":9},"end":{"line":108,"column":20}},"loc":{"start":{"line":108,"column":39},"end":{"line":110,"column":null}},"line":108},"15":{"name":"(anonymous_15)","decl":{"start":{"line":109,"column":29},"end":{"line":109,"column":30}},"loc":{"start":{"line":109,"column":39},"end":{"line":109,"column":74}},"line":109},"16":{"name":"(anonymous_16)","decl":{"start":{"line":112,"column":9},"end":{"line":112,"column":28}},"loc":{"start":{"line":112,"column":55},"end":{"line":117,"column":null}},"line":112},"17":{"name":"(anonymous_17)","decl":{"start":{"line":115,"column":6},"end":{"line":115,"column":7}},"loc":{"start":{"line":115,"column":16},"end":{"line":115,"column":null}},"line":115},"18":{"name":"(anonymous_18)","decl":{"start":{"line":119,"column":12},"end":{"line":119,"column":22}},"loc":{"start":{"line":119,"column":45},"end":{"line":121,"column":null}},"line":119},"19":{"name":"(anonymous_19)","decl":{"start":{"line":139,"column":2},"end":{"line":139,"column":16}},"loc":{"start":{"line":139,"column":16},"end":{"line":141,"column":null}},"line":139},"20":{"name":"(anonymous_20)","decl":{"start":{"line":143,"column":12},"end":{"line":143,"column":27}},"loc":{"start":{"line":143,"column":58},"end":{"line":145,"column":null}},"line":143},"21":{"name":"(anonymous_21)","decl":{"start":{"line":147,"column":12},"end":{"line":147,"column":26}},"loc":{"start":{"line":147,"column":52},"end":{"line":149,"column":null}},"line":147},"22":{"name":"(anonymous_22)","decl":{"start":{"line":151,"column":12},"end":{"line":151,"column":25}},"loc":{"start":{"line":151,"column":51},"end":{"line":153,"column":null}},"line":151},"23":{"name":"(anonymous_23)","decl":{"start":{"line":155,"column":12},"end":{"line":155,"column":28}},"loc":{"start":{"line":155,"column":54},"end":{"line":157,"column":null}},"line":155},"24":{"name":"(anonymous_24)","decl":{"start":{"line":159,"column":12},"end":{"line":159,"column":28}},"loc":{"start":{"line":159,"column":54},"end":{"line":161,"column":null}},"line":159},"25":{"name":"(anonymous_25)","decl":{"start":{"line":173,"column":2},"end":{"line":173,"column":16}},"loc":{"start":{"line":173,"column":16},"end":{"line":175,"column":null}},"line":173},"26":{"name":"(anonymous_26)","decl":{"start":{"line":177,"column":12},"end":{"line":177,"column":27}},"loc":{"start":{"line":177,"column":56},"end":{"line":179,"column":null}},"line":177},"27":{"name":"(anonymous_27)","decl":{"start":{"line":181,"column":12},"end":{"line":181,"column":26}},"loc":{"start":{"line":181,"column":50},"end":{"line":183,"column":null}},"line":181},"28":{"name":"(anonymous_28)","decl":{"start":{"line":185,"column":12},"end":{"line":185,"column":25}},"loc":{"start":{"line":185,"column":49},"end":{"line":187,"column":null}},"line":185},"29":{"name":"(anonymous_29)","decl":{"start":{"line":189,"column":12},"end":{"line":189,"column":28}},"loc":{"start":{"line":189,"column":52},"end":{"line":191,"column":null}},"line":189},"30":{"name":"(anonymous_30)","decl":{"start":{"line":193,"column":12},"end":{"line":193,"column":28}},"loc":{"start":{"line":193,"column":52},"end":{"line":195,"column":null}},"line":193},"31":{"name":"(anonymous_31)","decl":{"start":{"line":207,"column":2},"end":{"line":207,"column":16}},"loc":{"start":{"line":207,"column":16},"end":{"line":209,"column":null}},"line":207},"32":{"name":"(anonymous_32)","decl":{"start":{"line":211,"column":12},"end":{"line":211,"column":27}},"loc":{"start":{"line":211,"column":56},"end":{"line":213,"column":null}},"line":211},"33":{"name":"(anonymous_33)","decl":{"start":{"line":215,"column":12},"end":{"line":215,"column":26}},"loc":{"start":{"line":215,"column":50},"end":{"line":217,"column":null}},"line":215},"34":{"name":"(anonymous_34)","decl":{"start":{"line":219,"column":12},"end":{"line":219,"column":25}},"loc":{"start":{"line":219,"column":49},"end":{"line":221,"column":null}},"line":219},"35":{"name":"(anonymous_35)","decl":{"start":{"line":223,"column":12},"end":{"line":223,"column":28}},"loc":{"start":{"line":223,"column":52},"end":{"line":225,"column":null}},"line":223},"36":{"name":"(anonymous_36)","decl":{"start":{"line":227,"column":12},"end":{"line":227,"column":28}},"loc":{"start":{"line":227,"column":52},"end":{"line":229,"column":null}},"line":227}},"branchMap":{"0":{"loc":{"start":{"line":67,"column":4},"end":{"line":69,"column":null}},"type":"if","locations":[{"start":{"line":67,"column":4},"end":{"line":69,"column":null}},{"start":{},"end":{}}],"line":67}},"s":{"0":4,"1":4,"2":7,"3":2,"4":2,"5":2,"6":1,"7":2,"8":1,"9":1,"10":1,"11":1,"12":1,"13":2,"14":1,"15":1,"16":2,"17":3,"18":6,"19":3,"20":6,"21":3,"22":3,"23":6,"24":3,"25":6,"26":3,"27":3,"28":6,"29":24,"30":2,"31":2,"32":2,"33":2,"34":2,"35":2,"36":1,"37":2,"38":2,"39":2,"40":2,"41":2,"42":1,"43":2,"44":2,"45":2,"46":2,"47":2},"f":{"0":4,"1":7,"2":2,"3":1,"4":1,"5":2,"6":1,"7":2,"8":3,"9":6,"10":3,"11":6,"12":3,"13":6,"14":3,"15":6,"16":3,"17":6,"18":24,"19":2,"20":2,"21":2,"22":2,"23":2,"24":2,"25":1,"26":2,"27":2,"28":2,"29":2,"30":2,"31":1,"32":2,"33":2,"34":2,"35":2,"36":2},"b":{"0":[1,1]},"meta":{"lastBranch":1,"lastFunction":37,"lastStatement":48,"seen":{"s:51:34:51:Infinity":0,"f:53:2:53:30":0,"s:53:30:53:54":1,"f:55:9:55:13":1,"s:56:4:56:Infinity":2,"f:59:9:59:22":2,"s:60:24:60:Infinity":3,"s:61:27:61:Infinity":4,"s:63:27:65:Infinity":5,"f:64:6:64:7":3,"s:64:16:64:Infinity":6,"b:67:4:69:Infinity:undefined:undefined:undefined:undefined":0,"s:67:4:69:Infinity":7,"s:68:6:68:Infinity":8,"s:71:4:71:Infinity":9,"s:72:4:72:Infinity":10,"s:73:4:73:Infinity":11,"f:76:9:76:32":4,"s:77:4:77:Infinity":12,"f:80:9:80:25":5,"s:81:4:81:Infinity":13,"f:84:9:84:20":6,"s:85:27:85:Infinity":14,"s:86:4:88:Infinity":15,"f:86:29:86:30":7,"s:87:6:87:Infinity":16,"f:91:9:91:27":8,"s:92:4:94:Infinity":17,"f:93:6:93:7":9,"s:93:16:93:Infinity":18,"f:97:9:97:26":10,"s:98:4:98:Infinity":19,"f:98:29:98:30":11,"s:98:39:98:78":20,"f:101:9:101:21":12,"s:102:32:102:Infinity":21,"s:103:4:105:Infinity":22,"f:104:6:104:7":13,"s:104:16:104:Infinity":23,"f:108:9:108:20":14,"s:109:4:109:Infinity":24,"f:109:29:109:30":15,"s:109:39:109:74":25,"f:112:9:112:28":16,"s:113:35:113:Infinity":26,"s:114:4:116:Infinity":27,"f:115:6:115:7":17,"s:115:16:115:Infinity":28,"f:119:12:119:22":18,"s:120:4:120:Infinity":29,"f:139:2:139:16":19,"s:140:4:140:Infinity":30,"f:143:12:143:27":20,"s:144:4:144:Infinity":31,"f:147:12:147:26":21,"s:148:4:148:Infinity":32,"f:151:12:151:25":22,"s:152:4:152:Infinity":33,"f:155:12:155:28":23,"s:156:4:156:Infinity":34,"f:159:12:159:28":24,"s:160:4:160:Infinity":35,"f:173:2:173:16":25,"s:174:4:174:Infinity":36,"f:177:12:177:27":26,"s:178:4:178:Infinity":37,"f:181:12:181:26":27,"s:182:4:182:Infinity":38,"f:185:12:185:25":28,"s:186:4:186:Infinity":39,"f:189:12:189:28":29,"s:190:4:190:Infinity":40,"f:193:12:193:28":30,"s:194:4:194:Infinity":41,"f:207:2:207:16":31,"s:208:4:208:Infinity":42,"f:211:12:211:27":32,"s:212:4:212:Infinity":43,"f:215:12:215:26":33,"s:216:4:216:Infinity":44,"f:219:12:219:25":34,"s:220:4:220:Infinity":45,"f:223:12:223:28":35,"s:224:4:224:Infinity":46,"f:227:12:227:28":36,"s:228:4:228:Infinity":47}}}
}
